# JRE version: OpenJDK Runtime Environment Temurin-17.0.12+7 (17.0.12+7) (build 17.0.12+7)
# Java VM: OpenJDK 64-Bit Server VM Temurin-17.0.12+7 (17.0.12+7, mixed mode, tiered, compressed oops, compressed class ptrs, parallel gc, windows-amd64)
GC Precious Log:
 CPUs: 6 total, 6 available
 Memory: 7564M
 Large Page Support: Disabled
 NUMA Support: Disabled
 Compressed Oops: Enabled (32-bit)
 Alignments: Space 512K, Generation 512K, Heap 2M
 Heap Min Capacity: 100M
 Heap Initial Capacity: 100M
 Heap Max Capacity: 1G
 Pre-touch: Disabled
 Parallel Workers: 6
Heap:
 PSYoungGen      total 19456K, used 11004K [0x00000000eab00000, 0x00000000ed180000, 0x0000000100000000)
  eden space 16896K, 49% used [0x00000000eab00000,0x00000000eb33f198,0x00000000ebb80000)
  from space 2560K, 100% used [0x00000000ebc00000,0x00000000ebe80000,0x00000000ebe80000)
  to   space 11264K, 0% used [0x00000000ec680000,0x00000000ec680000,0x00000000ed180000)
 ParOldGen       total 92672K, used 62380K [0x00000000c0000000, 0x00000000c5a80000, 0x00000000eab00000)
  object space 92672K, 67% used [0x00000000c0000000,0x00000000c3ceb090,0x00000000c5a80000)
 Metaspace       used 67752K, committed 68992K, reserved 1114112K
  class space    used 7216K, committed 7744K, reserved 1048576K
GC Heap History (20 events):
Event: 18.553 GC heap before
{Heap before GC invocations=37 (full 3):
 PSYoungGen      total 21504K, used 20677K [0x00000000eab00000, 0x00000000ec100000, 0x0000000100000000)
  eden space 19968K, 99% used [0x00000000eab00000,0x00000000ebe74c90,0x00000000ebe80000)
  from space 1536K, 49% used [0x00000000ebe80000,0x00000000ebf3c770,0x00000000ec000000)
  to   space 1024K, 0% used [0x00000000ec000000,0x00000000ec000000,0x00000000ec100000)
 ParOldGen       total 68608K, used 33769K [0x00000000c0000000, 0x00000000c4300000, 0x00000000eab00000)
  object space 68608K, 49% used [0x00000000c0000000,0x00000000c20fa6e0,0x00000000c4300000)
 Metaspace       used 61434K, committed 62592K, reserved 1114112K
  class space    used 6640K, committed 7104K, reserved 1048576K
}
Event: 18.556 GC heap after
{Heap after GC invocations=37 (full 3):
 PSYoungGen      total 20480K, used 1019K [0x00000000eab00000, 0x00000000ec280000, 0x0000000100000000)
  eden space 19456K, 0% used [0x00000000eab00000,0x00000000eab00000,0x00000000ebe00000)
  from space 1024K, 99% used [0x00000000ec000000,0x00000000ec0fec08,0x00000000ec100000)
  to   space 2048K, 0% used [0x00000000ebe00000,0x00000000ebe00000,0x00000000ec000000)
 ParOldGen       total 68608K, used 34414K [0x00000000c0000000, 0x00000000c4300000, 0x00000000eab00000)
  object space 68608K, 50% used [0x00000000c0000000,0x00000000c219b860,0x00000000c4300000)
 Metaspace       used 61434K, committed 62592K, reserved 1114112K
  class space    used 6640K, committed 7104K, reserved 1048576K
}
Event: 18.868 GC heap before
{Heap before GC invocations=38 (full 3):
 PSYoungGen      total 20480K, used 20475K [0x00000000eab00000, 0x00000000ec280000, 0x0000000100000000)
  eden space 19456K, 100% used [0x00000000eab00000,0x00000000ebe00000,0x00000000ebe00000)
  from space 1024K, 99% used [0x00000000ec000000,0x00000000ec0fec08,0x00000000ec100000)
  to   space 2048K, 0% used [0x00000000ebe00000,0x00000000ebe00000,0x00000000ec000000)
 ParOldGen       total 68608K, used 34414K [0x00000000c0000000, 0x00000000c4300000, 0x00000000eab00000)
  object space 68608K, 50% used [0x00000000c0000000,0x00000000c219b860,0x00000000c4300000)
 Metaspace       used 63474K, committed 64640K, reserved 1114112K
  class space    used 6851K, committed 7360K, reserved 1048576K
}
Event: 18.872 GC heap after
{Heap after GC invocations=38 (full 3):
 PSYoungGen      total 21504K, used 2043K [0x00000000eab00000, 0x00000000ec500000, 0x0000000100000000)
  eden space 19456K, 0% used [0x00000000eab00000,0x00000000eab00000,0x00000000ebe00000)
  from space 2048K, 99% used [0x00000000ebe00000,0x00000000ebffef48,0x00000000ec000000)
  to   space 3584K, 0% used [0x00000000ec180000,0x00000000ec180000,0x00000000ec500000)
 ParOldGen       total 68608K, used 35378K [0x00000000c0000000, 0x00000000c4300000, 0x00000000eab00000)
  object space 68608K, 51% used [0x00000000c0000000,0x00000000c228c868,0x00000000c4300000)
 Metaspace       used 63474K, committed 64640K, reserved 1114112K
  class space    used 6851K, committed 7360K, reserved 1048576K
}
Event: 19.347 GC heap before
{Heap before GC invocations=39 (full 3):
 PSYoungGen      total 21504K, used 21499K [0x00000000eab00000, 0x00000000ec500000, 0x0000000100000000)
  eden space 19456K, 100% used [0x00000000eab00000,0x00000000ebe00000,0x00000000ebe00000)
  from space 2048K, 99% used [0x00000000ebe00000,0x00000000ebffef48,0x00000000ec000000)
  to   space 3584K, 0% used [0x00000000ec180000,0x00000000ec180000,0x00000000ec500000)
 ParOldGen       total 68608K, used 35378K [0x00000000c0000000, 0x00000000c4300000, 0x00000000eab00000)
  object space 68608K, 51% used [0x00000000c0000000,0x00000000c228c868,0x00000000c4300000)
 Metaspace       used 65074K, committed 66304K, reserved 1114112K
  class space    used 7004K, committed 7488K, reserved 1048576K
}
Event: 19.350 GC heap after
{Heap after GC invocations=39 (full 3):
 PSYoungGen      total 22016K, used 2358K [0x00000000eab00000, 0x00000000ec400000, 0x0000000100000000)
  eden space 19456K, 0% used [0x00000000eab00000,0x00000000eab00000,0x00000000ebe00000)
  from space 2560K, 92% used [0x00000000ec180000,0x00000000ec3cdbe0,0x00000000ec400000)
  to   space 3072K, 0% used [0x00000000ebe00000,0x00000000ebe00000,0x00000000ec100000)
 ParOldGen       total 68608K, used 37257K [0x00000000c0000000, 0x00000000c4300000, 0x00000000eab00000)
  object space 68608K, 54% used [0x00000000c0000000,0x00000000c2462450,0x00000000c4300000)
 Metaspace       used 65074K, committed 66304K, reserved 1114112K
  class space    used 7004K, committed 7488K, reserved 1048576K
}
Event: 19.659 GC heap before
{Heap before GC invocations=40 (full 3):
 PSYoungGen      total 22016K, used 21814K [0x00000000eab00000, 0x00000000ec400000, 0x0000000100000000)
  eden space 19456K, 100% used [0x00000000eab00000,0x00000000ebe00000,0x00000000ebe00000)
  from space 2560K, 92% used [0x00000000ec180000,0x00000000ec3cdbe0,0x00000000ec400000)
  to   space 3072K, 0% used [0x00000000ebe00000,0x00000000ebe00000,0x00000000ec100000)
 ParOldGen       total 68608K, used 37257K [0x00000000c0000000, 0x00000000c4300000, 0x00000000eab00000)
  object space 68608K, 54% used [0x00000000c0000000,0x00000000c2462450,0x00000000c4300000)
 Metaspace       used 65952K, committed 67136K, reserved 1114112K
  class space    used 7070K, committed 7552K, reserved 1048576K
}
Event: 19.664 GC heap after
{Heap after GC invocations=40 (full 3):
 PSYoungGen      total 22528K, used 2851K [0x00000000eab00000, 0x00000000ec400000, 0x0000000100000000)
  eden space 19456K, 0% used [0x00000000eab00000,0x00000000eab00000,0x00000000ebe00000)
  from space 3072K, 92% used [0x00000000ebe00000,0x00000000ec0c8d60,0x00000000ec100000)
  to   space 3072K, 0% used [0x00000000ec100000,0x00000000ec100000,0x00000000ec400000)
 ParOldGen       total 68608K, used 39366K [0x00000000c0000000, 0x00000000c4300000, 0x00000000eab00000)
  object space 68608K, 57% used [0x00000000c0000000,0x00000000c2671a58,0x00000000c4300000)
 Metaspace       used 65952K, committed 67136K, reserved 1114112K
  class space    used 7070K, committed 7552K, reserved 1048576K
}
Event: 19.798 GC heap before
{Heap before GC invocations=41 (full 3):
 PSYoungGen      total 22528K, used 22300K [0x00000000eab00000, 0x00000000ec400000, 0x0000000100000000)
  eden space 19456K, 99% used [0x00000000eab00000,0x00000000ebdfe678,0x00000000ebe00000)
  from space 3072K, 92% used [0x00000000ebe00000,0x00000000ec0c8d60,0x00000000ec100000)
  to   space 3072K, 0% used [0x00000000ec100000,0x00000000ec100000,0x00000000ec400000)
 ParOldGen       total 68608K, used 39366K [0x00000000c0000000, 0x00000000c4300000, 0x00000000eab00000)
  object space 68608K, 57% used [0x00000000c0000000,0x00000000c2671a58,0x00000000c4300000)
 Metaspace       used 66096K, committed 67328K, reserved 1114112K
  class space    used 7094K, committed 7616K, reserved 1048576K
}
Event: 19.802 GC heap after
{Heap after GC invocations=41 (full 3):
 PSYoungGen      total 20480K, used 746K [0x00000000eab00000, 0x00000000ec200000, 0x0000000100000000)
  eden space 19456K, 0% used [0x00000000eab00000,0x00000000eab00000,0x00000000ebe00000)
  from space 1024K, 72% used [0x00000000ec100000,0x00000000ec1ba938,0x00000000ec200000)
  to   space 1536K, 0% used [0x00000000ebf00000,0x00000000ebf00000,0x00000000ec080000)
 ParOldGen       total 68608K, used 42097K [0x00000000c0000000, 0x00000000c4300000, 0x00000000eab00000)
  object space 68608K, 61% used [0x00000000c0000000,0x00000000c291c690,0x00000000c4300000)
 Metaspace       used 66096K, committed 67328K, reserved 1114112K
  class space    used 7094K, committed 7616K, reserved 1048576K
}
Event: 19.870 GC heap before
{Heap before GC invocations=42 (full 3):
 PSYoungGen      total 20480K, used 20202K [0x00000000eab00000, 0x00000000ec200000, 0x0000000100000000)
  eden space 19456K, 100% used [0x00000000eab00000,0x00000000ebe00000,0x00000000ebe00000)
  from space 1024K, 72% used [0x00000000ec100000,0x00000000ec1ba938,0x00000000ec200000)
  to   space 1536K, 0% used [0x00000000ebf00000,0x00000000ebf00000,0x00000000ec080000)
 ParOldGen       total 68608K, used 42097K [0x00000000c0000000, 0x00000000c4300000, 0x00000000eab00000)
  object space 68608K, 61% used [0x00000000c0000000,0x00000000c291c690,0x00000000c4300000)
 Metaspace       used 66243K, committed 67456K, reserved 1114112K
  class space    used 7107K, committed 7616K, reserved 1048576K
}
Event: 19.873 GC heap after
{Heap after GC invocations=42 (full 3):
 PSYoungGen      total 20992K, used 1507K [0x00000000eab00000, 0x00000000ec400000, 0x0000000100000000)
  eden space 19456K, 0% used [0x00000000eab00000,0x00000000eab00000,0x00000000ebe00000)
  from space 1536K, 98% used [0x00000000ebf00000,0x00000000ec078df8,0x00000000ec080000)
  to   space 3072K, 0% used [0x00000000ec100000,0x00000000ec100000,0x00000000ec400000)
 ParOldGen       total 68608K, used 43069K [0x00000000c0000000, 0x00000000c4300000, 0x00000000eab00000)
  object space 68608K, 62% used [0x00000000c0000000,0x00000000c2a0f730,0x00000000c4300000)
 Metaspace       used 66243K, committed 67456K, reserved 1114112K
  class space    used 7107K, committed 7616K, reserved 1048576K
}
Event: 20.139 GC heap before
{Heap before GC invocations=43 (full 3):
 PSYoungGen      total 20992K, used 20963K [0x00000000eab00000, 0x00000000ec400000, 0x0000000100000000)
  eden space 19456K, 100% used [0x00000000eab00000,0x00000000ebe00000,0x00000000ebe00000)
  from space 1536K, 98% used [0x00000000ebf00000,0x00000000ec078df8,0x00000000ec080000)
  to   space 3072K, 0% used [0x00000000ec100000,0x00000000ec100000,0x00000000ec400000)
 ParOldGen       total 68608K, used 43069K [0x00000000c0000000, 0x00000000c4300000, 0x00000000eab00000)
  object space 68608K, 62% used [0x00000000c0000000,0x00000000c2a0f730,0x00000000c4300000)
 Metaspace       used 67001K, committed 68160K, reserved 1114112K
  class space    used 7173K, committed 7616K, reserved 1048576K
}
Event: 20.143 GC heap after
{Heap after GC invocations=43 (full 3):
 PSYoungGen      total 19968K, used 3069K [0x00000000eab00000, 0x00000000ec900000, 0x0000000100000000)
  eden space 16896K, 0% used [0x00000000eab00000,0x00000000eab00000,0x00000000ebb80000)
  from space 3072K, 99% used [0x00000000ec100000,0x00000000ec3ff648,0x00000000ec400000)
  to   space 5632K, 0% used [0x00000000ebb80000,0x00000000ebb80000,0x00000000ec100000)
 ParOldGen       total 68608K, used 45063K [0x00000000c0000000, 0x00000000c4300000, 0x00000000eab00000)
  object space 68608K, 65% used [0x00000000c0000000,0x00000000c2c01f50,0x00000000c4300000)
 Metaspace       used 67001K, committed 68160K, reserved 1114112K
  class space    used 7173K, committed 7616K, reserved 1048576K
}
Event: 20.188 GC heap before
{Heap before GC invocations=44 (full 3):
 PSYoungGen      total 19968K, used 19965K [0x00000000eab00000, 0x00000000ec900000, 0x0000000100000000)
  eden space 16896K, 100% used [0x00000000eab00000,0x00000000ebb80000,0x00000000ebb80000)
  from space 3072K, 99% used [0x00000000ec100000,0x00000000ec3ff648,0x00000000ec400000)
  to   space 5632K, 0% used [0x00000000ebb80000,0x00000000ebb80000,0x00000000ec100000)
 ParOldGen       total 68608K, used 45063K [0x00000000c0000000, 0x00000000c4300000, 0x00000000eab00000)
  object space 68608K, 65% used [0x00000000c0000000,0x00000000c2c01f88,0x00000000c4300000)
 Metaspace       used 67087K, committed 68288K, reserved 1114112K
  class space    used 7177K, committed 7680K, reserved 1048576K
}
Event: 20.195 GC heap after
{Heap after GC invocations=44 (full 3):
 PSYoungGen      total 17920K, used 786K [0x00000000eab00000, 0x00000000ec300000, 0x0000000100000000)
  eden space 16896K, 0% used [0x00000000eab00000,0x00000000eab00000,0x00000000ebb80000)
  from space 1024K, 76% used [0x00000000ebb80000,0x00000000ebc44b20,0x00000000ebc80000)
  to   space 2560K, 0% used [0x00000000ec080000,0x00000000ec080000,0x00000000ec300000)
 ParOldGen       total 68608K, used 55335K [0x00000000c0000000, 0x00000000c4300000, 0x00000000eab00000)
  object space 68608K, 80% used [0x00000000c0000000,0x00000000c3609df8,0x00000000c4300000)
 Metaspace       used 67087K, committed 68288K, reserved 1114112K
  class space    used 7177K, committed 7680K, reserved 1048576K
}
Event: 20.318 GC heap before
{Heap before GC invocations=45 (full 4):
 PSYoungGen      total 17920K, used 17682K [0x00000000eab00000, 0x00000000ec300000, 0x0000000100000000)
  eden space 16896K, 100% used [0x00000000eab00000,0x00000000ebb80000,0x00000000ebb80000)
  from space 1024K, 76% used [0x00000000ebb80000,0x00000000ebc44b20,0x00000000ebc80000)
  to   space 2560K, 0% used [0x00000000ec080000,0x00000000ec080000,0x00000000ec300000)
 ParOldGen       total 83968K, used 81714K [0x00000000c0000000, 0x00000000c5200000, 0x00000000eab00000)
  object space 83968K, 97% used [0x00000000c0000000,0x00000000c4fcca08,0x00000000c5200000)
 Metaspace       used 67290K, committed 68544K, reserved 1114112K
  class space    used 7198K, committed 7744K, reserved 1048576K
}
Event: 20.371 GC heap after
{Heap after GC invocations=45 (full 4):
 PSYoungGen      total 17408K, used 0K [0x00000000eab00000, 0x00000000ec100000, 0x0000000100000000)
  eden space 16896K, 0% used [0x00000000eab00000,0x00000000eab00000,0x00000000ebb80000)
  from space 512K, 0% used [0x00000000ec080000,0x00000000ec080000,0x00000000ec100000)
  to   space 2560K, 0% used [0x00000000ebc00000,0x00000000ebc00000,0x00000000ebe80000)
 ParOldGen       total 92672K, used 55469K [0x00000000c0000000, 0x00000000c5a80000, 0x00000000eab00000)
  object space 92672K, 59% used [0x00000000c0000000,0x00000000c362b428,0x00000000c5a80000)
 Metaspace       used 67290K, committed 68544K, reserved 1114112K
  class space    used 7198K, committed 7744K, reserved 1048576K
}
Event: 20.495 GC heap before
{Heap before GC invocations=46 (full 4):
 PSYoungGen      total 17408K, used 16896K [0x00000000eab00000, 0x00000000ec100000, 0x0000000100000000)
  eden space 16896K, 100% used [0x00000000eab00000,0x00000000ebb80000,0x00000000ebb80000)
  from space 512K, 0% used [0x00000000ec080000,0x00000000ec080000,0x00000000ec100000)
  to   space 2560K, 0% used [0x00000000ebc00000,0x00000000ebc00000,0x00000000ebe80000)
 ParOldGen       total 92672K, used 55469K [0x00000000c0000000, 0x00000000c5a80000, 0x00000000eab00000)
  object space 92672K, 59% used [0x00000000c0000000,0x00000000c362b428,0x00000000c5a80000)
 Metaspace       used 67536K, committed 68800K, reserved 1114112K
  class space    used 7211K, committed 7744K, reserved 1048576K
}
Event: 20.505 GC heap after
{Heap after GC invocations=46 (full 4):
 PSYoungGen      total 19456K, used 2560K [0x00000000eab00000, 0x00000000ed180000, 0x0000000100000000)
  eden space 16896K, 0% used [0x00000000eab00000,0x00000000eab00000,0x00000000ebb80000)
  from space 2560K, 100% used [0x00000000ebc00000,0x00000000ebe80000,0x00000000ebe80000)
  to   space 11264K, 0% used [0x00000000ec680000,0x00000000ec680000,0x00000000ed180000)
 ParOldGen       total 92672K, used 62380K [0x00000000c0000000, 0x00000000c5a80000, 0x00000000eab00000)
  object space 92672K, 67% used [0x00000000c0000000,0x00000000c3ceb090,0x00000000c5a80000)
 Metaspace       used 67536K, committed 68800K, reserved 1114112K
  class space    used 7211K, committed 7744K, reserved 1048576K
}

