# JRE version: OpenJDK Runtime Environment Temurin-17.0.12+7 (17.0.12+7) (build 17.0.12+7)
# Java VM: OpenJDK 64-Bit Server VM Temurin-17.0.12+7 (17.0.12+7, mixed mode, tiered, compressed oops, compressed class ptrs, parallel gc, windows-amd64)
GC Precious Log:
 CPUs: 6 total, 6 available
 Memory: 7564M
 Large Page Support: Disabled
 NUMA Support: Disabled
 Compressed Oops: Enabled (32-bit)
 Alignments: Space 512K, Generation 512K, Heap 2M
 Heap Min Capacity: 100M
 Heap Initial Capacity: 100M
 Heap Max Capacity: 1G
 Pre-touch: Disabled
 Parallel Workers: 6
Heap:
 PSYoungGen      total 23040K, used 2763K [0x00000000eab00000, 0x00000000ec580000, 0x0000000100000000)
  eden space 22016K, 8% used [0x00000000eab00000,0x00000000eace7c30,0x00000000ec080000)
  from space 1024K, 79% used [0x00000000ec480000,0x00000000ec54b120,0x00000000ec580000)
  to   space 1024K, 0% used [0x00000000ec380000,0x00000000ec380000,0x00000000ec480000)
 ParOldGen       total 68608K, used 16165K [0x00000000c0000000, 0x00000000c4300000, 0x00000000eab00000)
  object space 68608K, 23% used [0x00000000c0000000,0x00000000c0fc9748,0x00000000c4300000)
 Metaspace       used 43720K, committed 44480K, reserved 1114112K
  class space    used 4420K, committed 4736K, reserved 1048576K
GC Heap History (20 events):
Event: 5.115 GC heap before
{Heap before GC invocations=6 (full 1):
 PSYoungGen      total 29696K, used 25600K [0x00000000eab00000, 0x00000000ecc00000, 0x0000000100000000)
  eden space 25600K, 100% used [0x00000000eab00000,0x00000000ec400000,0x00000000ec400000)
  from space 4096K, 0% used [0x00000000ec800000,0x00000000ec800000,0x00000000ecc00000)
  to   space 4096K, 0% used [0x00000000ec400000,0x00000000ec400000,0x00000000ec800000)
 ParOldGen       total 68608K, used 6865K [0x00000000c0000000, 0x00000000c4300000, 0x00000000eab00000)
  object space 68608K, 10% used [0x00000000c0000000,0x00000000c06b4678,0x00000000c4300000)
 Metaspace       used 24254K, committed 24640K, reserved 1114112K
  class space    used 2379K, committed 2496K, reserved 1048576K
}
Event: 5.117 GC heap after
{Heap after GC invocations=6 (full 1):
 PSYoungGen      total 26112K, used 656K [0x00000000eab00000, 0x00000000ec880000, 0x0000000100000000)
  eden space 25088K, 0% used [0x00000000eab00000,0x00000000eab00000,0x00000000ec380000)
  from space 1024K, 64% used [0x00000000ec400000,0x00000000ec4a43a8,0x00000000ec500000)
  to   space 2560K, 0% used [0x00000000ec600000,0x00000000ec600000,0x00000000ec880000)
 ParOldGen       total 68608K, used 6873K [0x00000000c0000000, 0x00000000c4300000, 0x00000000eab00000)
  object space 68608K, 10% used [0x00000000c0000000,0x00000000c06b6678,0x00000000c4300000)
 Metaspace       used 24254K, committed 24640K, reserved 1114112K
  class space    used 2379K, committed 2496K, reserved 1048576K
}
Event: 5.503 GC heap before
{Heap before GC invocations=7 (full 1):
 PSYoungGen      total 26112K, used 25744K [0x00000000eab00000, 0x00000000ec880000, 0x0000000100000000)
  eden space 25088K, 100% used [0x00000000eab00000,0x00000000ec380000,0x00000000ec380000)
  from space 1024K, 64% used [0x00000000ec400000,0x00000000ec4a43a8,0x00000000ec500000)
  to   space 2560K, 0% used [0x00000000ec600000,0x00000000ec600000,0x00000000ec880000)
 ParOldGen       total 68608K, used 6873K [0x00000000c0000000, 0x00000000c4300000, 0x00000000eab00000)
  object space 68608K, 10% used [0x00000000c0000000,0x00000000c06b6678,0x00000000c4300000)
 Metaspace       used 26754K, committed 27136K, reserved 1114112K
  class space    used 2582K, committed 2688K, reserved 1048576K
}
Event: 5.505 GC heap after
{Heap after GC invocations=7 (full 1):
 PSYoungGen      total 27136K, used 2534K [0x00000000eab00000, 0x00000000ec900000, 0x0000000100000000)
  eden space 24576K, 0% used [0x00000000eab00000,0x00000000eab00000,0x00000000ec300000)
  from space 2560K, 99% used [0x00000000ec600000,0x00000000ec879b00,0x00000000ec880000)
  to   space 3072K, 0% used [0x00000000ec300000,0x00000000ec300000,0x00000000ec600000)
 ParOldGen       total 68608K, used 6881K [0x00000000c0000000, 0x00000000c4300000, 0x00000000eab00000)
  object space 68608K, 10% used [0x00000000c0000000,0x00000000c06b8678,0x00000000c4300000)
 Metaspace       used 26754K, committed 27136K, reserved 1114112K
  class space    used 2582K, committed 2688K, reserved 1048576K
}
Event: 6.702 GC heap before
{Heap before GC invocations=8 (full 1):
 PSYoungGen      total 27136K, used 27110K [0x00000000eab00000, 0x00000000ec900000, 0x0000000100000000)
  eden space 24576K, 100% used [0x00000000eab00000,0x00000000ec300000,0x00000000ec300000)
  from space 2560K, 99% used [0x00000000ec600000,0x00000000ec879b00,0x00000000ec880000)
  to   space 3072K, 0% used [0x00000000ec300000,0x00000000ec300000,0x00000000ec600000)
 ParOldGen       total 68608K, used 6881K [0x00000000c0000000, 0x00000000c4300000, 0x00000000eab00000)
  object space 68608K, 10% used [0x00000000c0000000,0x00000000c06b8678,0x00000000c4300000)
 Metaspace       used 30448K, committed 31040K, reserved 1114112K
  class space    used 2973K, committed 3200K, reserved 1048576K
}
Event: 6.706 GC heap after
{Heap after GC invocations=8 (full 1):
 PSYoungGen      total 27136K, used 3063K [0x00000000eab00000, 0x00000000ecb80000, 0x0000000100000000)
  eden space 24064K, 0% used [0x00000000eab00000,0x00000000eab00000,0x00000000ec280000)
  from space 3072K, 99% used [0x00000000ec300000,0x00000000ec5fddc0,0x00000000ec600000)
  to   space 4608K, 0% used [0x00000000ec700000,0x00000000ec700000,0x00000000ecb80000)
 ParOldGen       total 68608K, used 7930K [0x00000000c0000000, 0x00000000c4300000, 0x00000000eab00000)
  object space 68608K, 11% used [0x00000000c0000000,0x00000000c07beba8,0x00000000c4300000)
 Metaspace       used 30448K, committed 31040K, reserved 1114112K
  class space    used 2973K, committed 3200K, reserved 1048576K
}
Event: 8.221 GC heap before
{Heap before GC invocations=9 (full 1):
 PSYoungGen      total 27136K, used 27127K [0x00000000eab00000, 0x00000000ecb80000, 0x0000000100000000)
  eden space 24064K, 100% used [0x00000000eab00000,0x00000000ec280000,0x00000000ec280000)
  from space 3072K, 99% used [0x00000000ec300000,0x00000000ec5fddc0,0x00000000ec600000)
  to   space 4608K, 0% used [0x00000000ec700000,0x00000000ec700000,0x00000000ecb80000)
 ParOldGen       total 68608K, used 7930K [0x00000000c0000000, 0x00000000c4300000, 0x00000000eab00000)
  object space 68608K, 11% used [0x00000000c0000000,0x00000000c07beba8,0x00000000c4300000)
 Metaspace       used 34192K, committed 34816K, reserved 1114112K
  class space    used 3426K, committed 3712K, reserved 1048576K
}
Event: 8.227 GC heap after
{Heap after GC invocations=9 (full 1):
 PSYoungGen      total 28160K, used 4241K [0x00000000eab00000, 0x00000000ecb80000, 0x0000000100000000)
  eden space 23552K, 0% used [0x00000000eab00000,0x00000000eab00000,0x00000000ec200000)
  from space 4608K, 92% used [0x00000000ec700000,0x00000000ecb246c8,0x00000000ecb80000)
  to   space 4608K, 0% used [0x00000000ec280000,0x00000000ec280000,0x00000000ec700000)
 ParOldGen       total 68608K, used 7938K [0x00000000c0000000, 0x00000000c4300000, 0x00000000eab00000)
  object space 68608K, 11% used [0x00000000c0000000,0x00000000c07c0ba8,0x00000000c4300000)
 Metaspace       used 34192K, committed 34816K, reserved 1114112K
  class space    used 3426K, committed 3712K, reserved 1048576K
}
Event: 8.881 GC heap before
{Heap before GC invocations=10 (full 1):
 PSYoungGen      total 28160K, used 11742K [0x00000000eab00000, 0x00000000ecb80000, 0x0000000100000000)
  eden space 23552K, 31% used [0x00000000eab00000,0x00000000eb253510,0x00000000ec200000)
  from space 4608K, 92% used [0x00000000ec700000,0x00000000ecb246c8,0x00000000ecb80000)
  to   space 4608K, 0% used [0x00000000ec280000,0x00000000ec280000,0x00000000ec700000)
 ParOldGen       total 68608K, used 7938K [0x00000000c0000000, 0x00000000c4300000, 0x00000000eab00000)
  object space 68608K, 11% used [0x00000000c0000000,0x00000000c07c0ba8,0x00000000c4300000)
 Metaspace       used 35318K, committed 35840K, reserved 1114112K
  class space    used 3548K, committed 3776K, reserved 1048576K
}
Event: 8.887 GC heap after
{Heap after GC invocations=10 (full 1):
 PSYoungGen      total 27136K, used 3348K [0x00000000eab00000, 0x00000000eca00000, 0x0000000100000000)
  eden space 23552K, 0% used [0x00000000eab00000,0x00000000eab00000,0x00000000ec200000)
  from space 3584K, 93% used [0x00000000ec280000,0x00000000ec5c5328,0x00000000ec600000)
  to   space 4096K, 0% used [0x00000000ec600000,0x00000000ec600000,0x00000000eca00000)
 ParOldGen       total 68608K, used 9442K [0x00000000c0000000, 0x00000000c4300000, 0x00000000eab00000)
  object space 68608K, 13% used [0x00000000c0000000,0x00000000c0938b88,0x00000000c4300000)
 Metaspace       used 35318K, committed 35840K, reserved 1114112K
  class space    used 3548K, committed 3776K, reserved 1048576K
}
Event: 8.887 GC heap before
{Heap before GC invocations=11 (full 2):
 PSYoungGen      total 27136K, used 3348K [0x00000000eab00000, 0x00000000eca00000, 0x0000000100000000)
  eden space 23552K, 0% used [0x00000000eab00000,0x00000000eab00000,0x00000000ec200000)
  from space 3584K, 93% used [0x00000000ec280000,0x00000000ec5c5328,0x00000000ec600000)
  to   space 4096K, 0% used [0x00000000ec600000,0x00000000ec600000,0x00000000eca00000)
 ParOldGen       total 68608K, used 9442K [0x00000000c0000000, 0x00000000c4300000, 0x00000000eab00000)
  object space 68608K, 13% used [0x00000000c0000000,0x00000000c0938b88,0x00000000c4300000)
 Metaspace       used 35318K, committed 35840K, reserved 1114112K
  class space    used 3548K, committed 3776K, reserved 1048576K
}
Event: 8.910 GC heap after
{Heap after GC invocations=11 (full 2):
 PSYoungGen      total 27136K, used 0K [0x00000000eab00000, 0x00000000eca00000, 0x0000000100000000)
  eden space 23552K, 0% used [0x00000000eab00000,0x00000000eab00000,0x00000000ec200000)
  from space 3584K, 0% used [0x00000000ec280000,0x00000000ec280000,0x00000000ec600000)
  to   space 4096K, 0% used [0x00000000ec600000,0x00000000ec600000,0x00000000eca00000)
 ParOldGen       total 68608K, used 12518K [0x00000000c0000000, 0x00000000c4300000, 0x00000000eab00000)
  object space 68608K, 18% used [0x00000000c0000000,0x00000000c0c39988,0x00000000c4300000)
 Metaspace       used 35318K, committed 35840K, reserved 1114112K
  class space    used 3548K, committed 3776K, reserved 1048576K
}
Event: 9.860 GC heap before
{Heap before GC invocations=12 (full 2):
 PSYoungGen      total 27136K, used 23552K [0x00000000eab00000, 0x00000000eca00000, 0x0000000100000000)
  eden space 23552K, 100% used [0x00000000eab00000,0x00000000ec200000,0x00000000ec200000)
  from space 3584K, 0% used [0x00000000ec280000,0x00000000ec280000,0x00000000ec600000)
  to   space 4096K, 0% used [0x00000000ec600000,0x00000000ec600000,0x00000000eca00000)
 ParOldGen       total 68608K, used 12518K [0x00000000c0000000, 0x00000000c4300000, 0x00000000eab00000)
  object space 68608K, 18% used [0x00000000c0000000,0x00000000c0c39988,0x00000000c4300000)
 Metaspace       used 38492K, committed 39296K, reserved 1114112K
  class space    used 3911K, committed 4224K, reserved 1048576K
}
Event: 9.864 GC heap after
{Heap after GC invocations=12 (full 2):
 PSYoungGen      total 25600K, used 2349K [0x00000000eab00000, 0x00000000ec880000, 0x0000000100000000)
  eden space 23040K, 0% used [0x00000000eab00000,0x00000000eab00000,0x00000000ec180000)
  from space 2560K, 91% used [0x00000000ec600000,0x00000000ec84b6c0,0x00000000ec880000)
  to   space 3072K, 0% used [0x00000000ec280000,0x00000000ec280000,0x00000000ec580000)
 ParOldGen       total 68608K, used 12526K [0x00000000c0000000, 0x00000000c4300000, 0x00000000eab00000)
  object space 68608K, 18% used [0x00000000c0000000,0x00000000c0c3b988,0x00000000c4300000)
 Metaspace       used 38492K, committed 39296K, reserved 1114112K
  class space    used 3911K, committed 4224K, reserved 1048576K
}
Event: 10.368 GC heap before
{Heap before GC invocations=13 (full 2):
 PSYoungGen      total 25600K, used 25254K [0x00000000eab00000, 0x00000000ec880000, 0x0000000100000000)
  eden space 23040K, 99% used [0x00000000eab00000,0x00000000ec15e2e8,0x00000000ec180000)
  from space 2560K, 91% used [0x00000000ec600000,0x00000000ec84b6c0,0x00000000ec880000)
  to   space 3072K, 0% used [0x00000000ec280000,0x00000000ec280000,0x00000000ec580000)
 ParOldGen       total 68608K, used 12526K [0x00000000c0000000, 0x00000000c4300000, 0x00000000eab00000)
  object space 68608K, 18% used [0x00000000c0000000,0x00000000c0c3b988,0x00000000c4300000)
 Metaspace       used 40799K, committed 41600K, reserved 1114112K
  class space    used 4140K, committed 4480K, reserved 1048576K
}
Event: 10.372 GC heap after
{Heap after GC invocations=13 (full 2):
 PSYoungGen      total 25088K, used 2118K [0x00000000eab00000, 0x00000000ec680000, 0x0000000100000000)
  eden space 22528K, 0% used [0x00000000eab00000,0x00000000eab00000,0x00000000ec100000)
  from space 2560K, 82% used [0x00000000ec280000,0x00000000ec491bc8,0x00000000ec500000)
  to   space 1536K, 0% used [0x00000000ec500000,0x00000000ec500000,0x00000000ec680000)
 ParOldGen       total 68608K, used 14557K [0x00000000c0000000, 0x00000000c4300000, 0x00000000eab00000)
  object space 68608K, 21% used [0x00000000c0000000,0x00000000c0e37760,0x00000000c4300000)
 Metaspace       used 40799K, committed 41600K, reserved 1114112K
  class space    used 4140K, committed 4480K, reserved 1048576K
}
Event: 10.542 GC heap before
{Heap before GC invocations=14 (full 2):
 PSYoungGen      total 25088K, used 24646K [0x00000000eab00000, 0x00000000ec680000, 0x0000000100000000)
  eden space 22528K, 100% used [0x00000000eab00000,0x00000000ec100000,0x00000000ec100000)
  from space 2560K, 82% used [0x00000000ec280000,0x00000000ec491bc8,0x00000000ec500000)
  to   space 1536K, 0% used [0x00000000ec500000,0x00000000ec500000,0x00000000ec680000)
 ParOldGen       total 68608K, used 14557K [0x00000000c0000000, 0x00000000c4300000, 0x00000000eab00000)
  object space 68608K, 21% used [0x00000000c0000000,0x00000000c0e37760,0x00000000c4300000)
 Metaspace       used 40828K, committed 41600K, reserved 1114112K
  class space    used 4140K, committed 4480K, reserved 1048576K
}
Event: 10.544 GC heap after
{Heap after GC invocations=14 (full 2):
 PSYoungGen      total 23040K, used 795K [0x00000000eab00000, 0x00000000ec600000, 0x0000000100000000)
  eden space 22016K, 0% used [0x00000000eab00000,0x00000000eab00000,0x00000000ec080000)
  from space 1024K, 77% used [0x00000000ec500000,0x00000000ec5c6cd8,0x00000000ec600000)
  to   space 1536K, 0% used [0x00000000ec300000,0x00000000ec300000,0x00000000ec480000)
 ParOldGen       total 68608K, used 15797K [0x00000000c0000000, 0x00000000c4300000, 0x00000000eab00000)
  object space 68608K, 23% used [0x00000000c0000000,0x00000000c0f6d748,0x00000000c4300000)
 Metaspace       used 40828K, committed 41600K, reserved 1114112K
  class space    used 4140K, committed 4480K, reserved 1048576K
}
Event: 10.965 GC heap before
{Heap before GC invocations=15 (full 2):
 PSYoungGen      total 23040K, used 22811K [0x00000000eab00000, 0x00000000ec600000, 0x0000000100000000)
  eden space 22016K, 100% used [0x00000000eab00000,0x00000000ec080000,0x00000000ec080000)
  from space 1024K, 77% used [0x00000000ec500000,0x00000000ec5c6cd8,0x00000000ec600000)
  to   space 1536K, 0% used [0x00000000ec300000,0x00000000ec300000,0x00000000ec480000)
 ParOldGen       total 68608K, used 15797K [0x00000000c0000000, 0x00000000c4300000, 0x00000000eab00000)
  object space 68608K, 23% used [0x00000000c0000000,0x00000000c0f6d748,0x00000000c4300000)
 Metaspace       used 42252K, committed 42944K, reserved 1114112K
  class space    used 4309K, committed 4608K, reserved 1048576K
}
Event: 10.966 GC heap after
{Heap after GC invocations=15 (full 2):
 PSYoungGen      total 23552K, used 416K [0x00000000eab00000, 0x00000000ec580000, 0x0000000100000000)
  eden space 22016K, 0% used [0x00000000eab00000,0x00000000eab00000,0x00000000ec080000)
  from space 1536K, 27% used [0x00000000ec300000,0x00000000ec368010,0x00000000ec480000)
  to   space 1024K, 0% used [0x00000000ec480000,0x00000000ec480000,0x00000000ec580000)
 ParOldGen       total 68608K, used 15877K [0x00000000c0000000, 0x00000000c4300000, 0x00000000eab00000)
  object space 68608K, 23% used [0x00000000c0000000,0x00000000c0f81748,0x00000000c4300000)
 Metaspace       used 42252K, committed 42944K, reserved 1114112K
  class space    used 4309K, committed 4608K, reserved 1048576K
}

